[debug] [2022-05-10T08:10:14.989Z] ----------------------------------------------------------------------
[debug] [2022-05-10T08:10:14.992Z] Command:       D:\node\node.exe C:\Users\Я\AppData\Roaming\npm\node_modules\firebase-tools\lib\bin\firebase.js deploy
[debug] [2022-05-10T08:10:14.993Z] CLI Version:   10.6.0
[debug] [2022-05-10T08:10:14.994Z] Platform:      win32
[debug] [2022-05-10T08:10:14.994Z] Node Version:  v16.14.0
[debug] [2022-05-10T08:10:15.002Z] Time:          Tue May 10 2022 11:10:14 GMT+0300 (Москва, стандартное время)
[debug] [2022-05-10T08:10:15.003Z] ----------------------------------------------------------------------
[debug] 
[debug] [2022-05-10T08:10:15.022Z] >>> [apiv2][query] GET https://firebase-public.firebaseio.com/cli.json [none]
[debug] [2022-05-10T08:10:15.241Z] > command requires scopes: ["email","openid","https://www.googleapis.com/auth/cloudplatformprojects.readonly","https://www.googleapis.com/auth/firebase","https://www.googleapis.com/auth/cloud-platform"]
[debug] [2022-05-10T08:10:15.241Z] > authorizing via signed-in user (irina.nekhaychik.i@gmail.com)
[debug] [2022-05-10T08:10:15.242Z] [iam] checking project jiranc-b20c5 for permissions ["firebase.projects.get","firebasehosting.sites.update"]
[debug] [2022-05-10T08:10:15.244Z] > refreshing access token with scopes: []
[debug] [2022-05-10T08:10:15.245Z] >>> HTTP REQUEST POST https://www.googleapis.com/oauth2/v3/token  
 <request body omitted>
[debug] [2022-05-10T08:10:19.749Z] <<< HTTP RESPONSE 200 {"cache-control":"no-cache, no-store, max-age=0, must-revalidate","date":"Tue, 10 May 2022 08:10:18 GMT","expires":"Mon, 01 Jan 1990 00:00:00 GMT","pragma":"no-cache","content-type":"application/json; charset=utf-8","vary":"X-Origin, Referer, Origin,Accept-Encoding","server":"scaffolding on HTTPServer2","x-xss-protection":"0","x-frame-options":"SAMEORIGIN","x-content-type-options":"nosniff","alt-svc":"h3=\":443\"; ma=2592000,h3-29=\":443\"; ma=2592000,h3-Q050=\":443\"; ma=2592000,h3-Q046=\":443\"; ma=2592000,h3-Q043=\":443\"; ma=2592000,quic=\":443\"; ma=2592000; v=\"46,43\"","accept-ranges":"none","transfer-encoding":"chunked"}
[debug] [2022-05-10T08:10:19.791Z] >>> [apiv2][query] POST https://cloudresourcemanager.googleapis.com/v1/projects/jiranc-b20c5:testIamPermissions [none]
[debug] [2022-05-10T08:10:19.792Z] >>> [apiv2][body] POST https://cloudresourcemanager.googleapis.com/v1/projects/jiranc-b20c5:testIamPermissions {"permissions":["firebase.projects.get","firebasehosting.sites.update"]}
[debug] [2022-05-10T08:10:20.346Z] <<< [apiv2][status] GET https://firebase-public.firebaseio.com/cli.json 200
[debug] [2022-05-10T08:10:20.347Z] <<< [apiv2][body] GET https://firebase-public.firebaseio.com/cli.json {"cloudBuildErrorAfter":1594252800000,"cloudBuildWarnAfter":1590019200000,"defaultNode10After":1594252800000,"minVersion":"3.0.5","node8DeploysDisabledAfter":1613390400000,"node8RuntimeDisabledAfter":1615809600000,"node8WarnAfter":1600128000000}
[debug] [2022-05-10T08:10:22.887Z] <<< [apiv2][status] POST https://cloudresourcemanager.googleapis.com/v1/projects/jiranc-b20c5:testIamPermissions 200
[debug] [2022-05-10T08:10:22.887Z] <<< [apiv2][body] POST https://cloudresourcemanager.googleapis.com/v1/projects/jiranc-b20c5:testIamPermissions {"permissions":["firebase.projects.get","firebasehosting.sites.update"]}
[debug] [2022-05-10T08:10:22.889Z] >>> [apiv2][query] GET https://firebase.googleapis.com/v1beta1/projects/jiranc-b20c5 [none]
[debug] [2022-05-10T08:10:29.263Z] <<< [apiv2][status] GET https://firebase.googleapis.com/v1beta1/projects/jiranc-b20c5 200
[debug] [2022-05-10T08:10:29.264Z] <<< [apiv2][body] GET https://firebase.googleapis.com/v1beta1/projects/jiranc-b20c5 {"projectId":"jiranc-b20c5","projectNumber":"1004382566466","displayName":"JiraNC","name":"projects/jiranc-b20c5","resources":{"hostingSite":"jiranc-b20c5","storageBucket":"jiranc-b20c5.appspot.com","locationId":"us-central"},"state":"ACTIVE"}
[info] 
[info] === Deploying to 'jiranc-b20c5'...
[info] 
[info] i  deploying hosting 
[debug] [2022-05-10T08:10:29.269Z] >>> [apiv2][query] GET https://firebase.googleapis.com/v1beta1/projects/jiranc-b20c5 [none]
[debug] [2022-05-10T08:10:59.285Z] Timeout reached making request to https://firebase.googleapis.com/v1beta1/projects/jiranc-b20c5
[debug] [2022-05-10T08:11:10.482Z] FirebaseError: Timeout reached making request to https://firebase.googleapis.com/v1beta1/projects/jiranc-b20c5
    at RetryOperation._fn (C:\Users\Я\AppData\Roaming\npm\node_modules\firebase-tools\lib\apiv2.js:236:35)
    at processTicksAndRejections (node:internal/process/task_queues:96:5)
[error] 
[error] Error: Failed to get Firebase project jiranc-b20c5. Please make sure the project exists and your account has permission to access it.
[debug] [2022-05-10T08:11:53.238Z] ----------------------------------------------------------------------
[debug] [2022-05-10T08:11:53.242Z] Command:       D:\node\node.exe C:\Users\Я\AppData\Roaming\npm\node_modules\firebase-tools\lib\bin\firebase.js deploy
[debug] [2022-05-10T08:11:53.243Z] CLI Version:   10.6.0
[debug] [2022-05-10T08:11:53.243Z] Platform:      win32
[debug] [2022-05-10T08:11:53.243Z] Node Version:  v16.14.0
[debug] [2022-05-10T08:11:53.246Z] Time:          Tue May 10 2022 11:11:53 GMT+0300 (Москва, стандартное время)
[debug] [2022-05-10T08:11:53.246Z] ----------------------------------------------------------------------
[debug] 
[debug] [2022-05-10T08:11:53.393Z] > command requires scopes: ["email","openid","https://www.googleapis.com/auth/cloudplatformprojects.readonly","https://www.googleapis.com/auth/firebase","https://www.googleapis.com/auth/cloud-platform"]
[debug] [2022-05-10T08:11:53.393Z] > authorizing via signed-in user (irina.nekhaychik.i@gmail.com)
[debug] [2022-05-10T08:11:53.394Z] [iam] checking project jiranc-b20c5 for permissions ["firebase.projects.get","firebasehosting.sites.update"]
[debug] [2022-05-10T08:11:53.398Z] >>> [apiv2][query] POST https://cloudresourcemanager.googleapis.com/v1/projects/jiranc-b20c5:testIamPermissions [none]
[debug] [2022-05-10T08:11:53.399Z] >>> [apiv2][body] POST https://cloudresourcemanager.googleapis.com/v1/projects/jiranc-b20c5:testIamPermissions {"permissions":["firebase.projects.get","firebasehosting.sites.update"]}
[debug] [2022-05-10T08:12:14.486Z] [iam] error while checking permissions, command may fail: FirebaseError: Failed to make request to https://cloudresourcemanager.googleapis.com/v1/projects/jiranc-b20c5:testIamPermissions
[debug] [2022-05-10T08:12:14.490Z] >>> [apiv2][query] GET https://firebase.googleapis.com/v1beta1/projects/jiranc-b20c5 [none]
[debug] [2022-05-10T08:12:35.523Z] Failed to make request to https://firebase.googleapis.com/v1beta1/projects/jiranc-b20c5
[debug] [2022-05-10T08:12:56.613Z] FirebaseError: Failed to make request to https://firebase.googleapis.com/v1beta1/projects/jiranc-b20c5
    at RetryOperation._fn (C:\Users\Я\AppData\Roaming\npm\node_modules\firebase-tools\lib\apiv2.js:240:31)
    at processTicksAndRejections (node:internal/process/task_queues:96:5)
[error] 
[error] Error: Failed to get Firebase project jiranc-b20c5. Please make sure the project exists and your account has permission to access it.
